app/release/mapping.txt
# compiler: R8
# compiler_version: 1.6.82
# min_api: 19
# pg_map_id: e49beba
# common_typos_disable
com.adam.gnews.core.application.App -> com.adam.gnews.core.application.App:
    com.adam.gnews.core.application.di.CoreComponent coreComponent -> f
    com.squareup.picasso.Picasso picasso -> e
    1:1:com.adam.gnews.core.application.di.CoreComponent com.adam.gnews.core.application.di.DaggerCoreComponent$Builder.build():0:0 -> onCreate
    1:1:void onCreate():0 -> onCreate
    2:2:void onCreate():0:0 -> onCreate
    3:3:com.adam.gnews.core.application.App com.adam.gnews.core.application.di.DaggerCoreComponent.injectApp(com.adam.gnews.core.application.App):0:0 -> onCreate
    3:3:void com.adam.gnews.core.application.di.DaggerCoreComponent.inject(com.adam.gnews.core.application.App):0 -> onCreate
    3:3:void onCreate():0 -> onCreate
    4:4:void com.adam.gnews.core.application.App_MembersInjector.injectPicasso(com.adam.gnews.core.application.App,com.squareup.picasso.Picasso):0:0 -> onCreate
    4:4:com.adam.gnews.core.application.App com.adam.gnews.core.application.di.DaggerCoreComponent.injectApp(com.adam.gnews.core.application.App):0 -> onCreate
    4:4:void com.adam.gnews.core.application.di.DaggerCoreComponent.inject(com.adam.gnews.core.application.App):0 -> onCreate
    4:4:void onCreate():0 -> onCreate
    5:5:void initialisePicasso():0:0 -> onCreate
    5:5:void onCreate():0 -> onCreate
com.adam.gnews.core.application.di.CoreModule -> m.a.a.a.a.a.a:
    android.content.Context context -> a
    1:1:void kotlin.jvm.internal.Intrinsics.checkParameterIsNotNull(java.lang.Object,java.lang.String):0:0 -> <init>
    1:1:void <init>(android.content.Context):0 -> <init>
com.adam.gnews.core.application.di.CoreModule_ProvidesContextFactory -> m.a.a.a.a.a.b:
    com.adam.gnews.core.application.di.CoreModule module -> a
    1:1:android.content.Context get():0:0 -> get
    1:1:java.lang.Object get():0 -> get
    2:2:android.content.Context com.adam.gnews.core.application.di.CoreModule.providesContext():0:0 -> get
    2:2:android.content.Context providesContext(com.adam.gnews.core.application.di.CoreModule):0 -> get
    2:2:android.content.Context get():0 -> get
    2:2:java.lang.Object get():0 -> get
    3:3:android.content.Context providesContext(com.adam.gnews.core.application.di.CoreModule):0:0 -> get
    3:3:android.content.Context get():0 -> get
    3:3:java.lang.Object get():0 -> get
com.adam.gnews.core.application.di.DaggerCoreComponent -> m.a.a.a.a.a.d:
    javax.inject.Provider providesGsonConverterFactoryProvider -> d
    javax.inject.Provider providesGsonProvider -> c
    javax.inject.Provider providesConnectionPoolProvider -> f
    javax.inject.Provider providesRxJavaCallAdapterFactoryProvider -> e
    javax.inject.Provider providesSharedPreferencesProvider -> b
    javax.inject.Provider providesContextProvider -> a
    javax.inject.Provider providesPicassoProvider -> l
    javax.inject.Provider providesOkhttp3DownloaderProvider -> k
    javax.inject.Provider providesOkHttpClientProvider -> h
    javax.inject.Provider providesOkhttpCacheProvider -> g
    javax.inject.Provider providesPicassoOkHttpProvider -> j
    javax.inject.Provider providesRetrofitProvider -> i
    1:1:void <init>(com.adam.gnews.core.application.di.CoreModule,com.adam.gnews.core.application.di.StorageModule,com.adam.gnews.core.application.di.NetworkModule):0:0 -> <init>
    1:1:void <init>(com.adam.gnews.core.application.di.CoreModule,com.adam.gnews.core.application.di.StorageModule,com.adam.gnews.core.application.di.NetworkModule,com.adam.gnews.core.application.di.DaggerCoreComponent$1):0 -> <init>
    2:2:com.adam.gnews.core.application.di.CoreModule_ProvidesContextFactory com.adam.gnews.core.application.di.CoreModule_ProvidesContextFactory.create(com.adam.gnews.core.application.di.CoreModule):0:0 -> <init>
com.adam.gnews.core.application.di.DaggerCoreComponent$1 -> m.a.a.a.a.a.c:
com.adam.gnews.core.application.di.NetworkModule -> m.a.a.a.a.a.f:
...
androidx.fragment.app.FragmentLifecycleCallbacksDispatcher$FragmentLifecycleCallbacksHolder -> l.k.d.t:
androidx.fragment.app.FragmentManager$1 -> l.k.d.v:
    androidx.fragment.app.FragmentManager this$0 -> c
    boolean androidx.activity.OnBackPressedCallback.mEnabled -> a
    java.util.concurrent.CopyOnWriteArrayList androidx.activity.OnBackPressedCallback.mCancellables -> b
    1:1:void androidx.activity.OnBackPressedCallback.<init>(boolean):0:0 -> <init>
    1:1:void <init>(androidx.fragment.app.FragmentManager,boolean):0 -> <init>
androidx.fragment.app.FragmentManager$2 -> l.k.d.w:
    androidx.fragment.app.FragmentManager this$0 -> a
    1:1:void androidx.fragment.app.FragmentManager.removeCancellationSignal(androidx.fragment.app.Fragment,androidx.core.os.CancellationSignal):0:0 -> a
    1:1:void androidx.fragment.app.FragmentManager.removeCancellationSignal(androidx.fragment.app.Fragment,androidx.core.os.CancellationSignal):0 -> a
    1:1:void onComplete(androidx.fragment.app.Fragment,androidx.core.os.CancellationSignal):0 -> a
    1:1:void androidx.fragment.app.FragmentManager.addCancellationSignal(androidx.fragment.app.Fragment,androidx.core.os.CancellationSignal):0:0 -> b
    1:1:void androidx.fragment.app.FragmentManager.addCancellationSignal(androidx.fragment.app.Fragment,androidx.core.os.CancellationSignal):0 -> b
    1:1:void onStart(androidx.fragment.app.Fragment,androidx.core.os.CancellationSignal):0 -> b
androidx.fragment.app.FragmentManager$3 -> l.k.d.x:
    androidx.collection.SimpleArrayMap androidx.fragment.app.FragmentFactory.sClassMap -> b
    androidx.fragment.app.FragmentManager this$0 -> a
    void androidx.fragment.app.FragmentFactory.<clinit>() -> <clinit>
    1:1:void androidx.fragment.app.FragmentFactory.<init>():0:0 -> <init>
    1:1:void <init>(androidx.fragment.app.FragmentManager):0 -> <init>
    1:1:android.content.Context androidx.fragment.app.FragmentHostCallback.getContext():0:0 -> a
    1:1:android.content.Context androidx.fragment.app.FragmentHostCallback.getContext():0 -> a
    1:1:androidx.fragment.app.Fragment instantiate(java.lang.ClassLoader,java.lang.String):0 -> a
    2:2:androidx.fragment.app.Fragment androidx.fragment.app.FragmentContainer.instantiate(android.content.Context,java.lang.String,android.os.Bundle):0:0 -> a
    2:2:androidx.fragment.app.Fragment instantiate(java.lang.ClassLoader,java.lang.String):0 -> a
    boolean androidx.fragment.app.FragmentFactory.isFragmentClass(java.lang.ClassLoader,java.lang.String) -> a
    1:1:java.lang.Object androidx.collection.SimpleArrayMap.get(java.lang.Object):0:0 -> b
    1:1:java.lang.Class androidx.fragment.app.FragmentFactory.loadClass(java.lang.ClassLoader,java.lang.String):0 -> b
    2:2:java.lang.Class androidx.fragment.app.FragmentFactory.loadClass(java.lang.ClassLoader,java.lang.String):0:0 -> b
androidx.fragment.app.FragmentManager$4 -> l.k.d.y:
    androidx.fragment.app.FragmentManager this$0 -> e
androidx.fragment.app.FragmentManager$5 -> l.k.d.z:
    android.view.ViewGroup val$container -> a
    android.view.View val$animatingView -> b
    androidx.fragment.app.Fragment val$fragment -> c
androidx.fragment.app.FragmentManager$OpGenerator -> l.k.d.a0:
    boolean generateOps(java.util.ArrayList,java.util.ArrayList) -> a
androidx.fragment.app.FragmentManager$PopBackStackState -> l.k.d.b0:
    androidx.fragment.app.FragmentManager this$0 -> d
    java.lang.String mName -> a
    int mId -> b
    int mFlags -> c
    boolean generateOps(java.util.ArrayList,java.util.ArrayList) -> a